<?xml version="1.0" encoding="UTF-8" ?>
<testsuite errors="0" failures="1" hostname="Diya" name="com.unit_tests.ParameterizedTests" skipped="0" tests="5" time="0.137" timestamp="2018-06-09T14:14:45">
  <properties>
[...]
</properties>
  <testcase classname="com.unit_tests.ParameterizedTests" name="test[0]" time="0.008" />
  <testcase classname="com.unit_tests.ParameterizedTests" name="test[1]" time="0.0" />
  <testcase classname="com.unit_tests.ParameterizedTests" name="test[2]" time="0.012">
    <failure message="expected:&lt;1&gt; but was:&lt;0&gt;" type="junit.framework.AssertionFailedError">junit.framework.AssertionFailedError: expected:&lt;1&gt; but was:&lt;0&gt;
	at com.unit_tests.ParameterizedTests.test(ParameterizedTests.java:40)
</failure>
  </testcase>
  <testcase classname="com.unit_tests.ParameterizedTests" name="test[3]" time="0.0" />
  <testcase classname="com.unit_tests.ParameterizedTests" name="test[4]" time="0.0" />
  <system-out><![CDATA[]]></system-out>
  <system-err><![CDATA[]]></system-err>
</testsuite>
